Started GET "/" for 127.0.0.1 at 2022-02-27 14:19:54 +0200
  [1m[35m (10.3ms)[0m  [1m[34mSELECT sqlite_version(*)[0m
  [1m[35m (9.3ms)[0m  [1m[35mCREATE TABLE "schema_migrations" ("version" varchar NOT NULL PRIMARY KEY)[0m
  [1m[35m (5.6ms)[0m  [1m[35mCREATE TABLE "ar_internal_metadata" ("key" varchar NOT NULL PRIMARY KEY, "value" varchar, "created_at" datetime(6) NOT NULL, "updated_at" datetime(6) NOT NULL)[0m
  [1m[36mActiveRecord::SchemaMigration Pluck (0.4ms)[0m  [1m[34mSELECT "schema_migrations"."version" FROM "schema_migrations" ORDER BY "schema_migrations"."version" ASC[0m
  
ActiveRecord::PendingMigrationError (

Migrations are pending. To resolve this issue, run:

        bin/rails db:migrate RAILS_ENV=development

You have 2 pending migrations:

20220227121540_create_users.rb
20220227121649_create_posts.rb


):
  
activerecord (7.0.2.2) lib/active_record/migration.rb:627:in `check_pending!'
activerecord (7.0.2.2) lib/active_record/migration.rb:592:in `block (2 levels) in call'
activesupport (7.0.2.2) lib/active_support/file_update_checker.rb:83:in `execute'
activerecord (7.0.2.2) lib/active_record/migration.rb:597:in `block in call'
activerecord (7.0.2.2) lib/active_record/migration.rb:589:in `synchronize'
activerecord (7.0.2.2) lib/active_record/migration.rb:589:in `call'
actionpack (7.0.2.2) lib/action_dispatch/middleware/callbacks.rb:27:in `block in call'
activesupport (7.0.2.2) lib/active_support/callbacks.rb:99:in `run_callbacks'
actionpack (7.0.2.2) lib/action_dispatch/middleware/callbacks.rb:26:in `call'
actionpack (7.0.2.2) lib/action_dispatch/middleware/executor.rb:14:in `call'
actionpack (7.0.2.2) lib/action_dispatch/middleware/actionable_exceptions.rb:17:in `call'
actionpack (7.0.2.2) lib/action_dispatch/middleware/debug_exceptions.rb:28:in `call'
web-console (4.2.0) lib/web_console/middleware.rb:132:in `call_app'
web-console (4.2.0) lib/web_console/middleware.rb:28:in `block in call'
web-console (4.2.0) lib/web_console/middleware.rb:17:in `catch'
web-console (4.2.0) lib/web_console/middleware.rb:17:in `call'
actionpack (7.0.2.2) lib/action_dispatch/middleware/show_exceptions.rb:26:in `call'
railties (7.0.2.2) lib/rails/rack/logger.rb:36:in `call_app'
railties (7.0.2.2) lib/rails/rack/logger.rb:25:in `block in call'
activesupport (7.0.2.2) lib/active_support/tagged_logging.rb:99:in `block in tagged'
activesupport (7.0.2.2) lib/active_support/tagged_logging.rb:37:in `tagged'
activesupport (7.0.2.2) lib/active_support/tagged_logging.rb:99:in `tagged'
railties (7.0.2.2) lib/rails/rack/logger.rb:25:in `call'
sprockets-rails (3.4.2) lib/sprockets/rails/quiet_assets.rb:13:in `call'
actionpack (7.0.2.2) lib/action_dispatch/middleware/remote_ip.rb:93:in `call'
actionpack (7.0.2.2) lib/action_dispatch/middleware/request_id.rb:26:in `call'
rack (2.2.3) lib/rack/method_override.rb:24:in `call'
rack (2.2.3) lib/rack/runtime.rb:22:in `call'
activesupport (7.0.2.2) lib/active_support/cache/strategy/local_cache_middleware.rb:29:in `call'
actionpack (7.0.2.2) lib/action_dispatch/middleware/server_timing.rb:20:in `call'
actionpack (7.0.2.2) lib/action_dispatch/middleware/executor.rb:14:in `call'
actionpack (7.0.2.2) lib/action_dispatch/middleware/static.rb:23:in `call'
rack (2.2.3) lib/rack/sendfile.rb:110:in `call'
actionpack (7.0.2.2) lib/action_dispatch/middleware/host_authorization.rb:137:in `call'
railties (7.0.2.2) lib/rails/engine.rb:530:in `call'
puma (5.6.2) lib/puma/configuration.rb:252:in `call'
puma (5.6.2) lib/puma/request.rb:77:in `block in handle_request'
puma (5.6.2) lib/puma/thread_pool.rb:340:in `with_force_shutdown'
puma (5.6.2) lib/puma/request.rb:76:in `handle_request'
puma (5.6.2) lib/puma/server.rb:441:in `process_client'
puma (5.6.2) lib/puma/thread_pool.rb:147:in `block in spawn_thread'
Started POST "/rails/actions" for 127.0.0.1 at 2022-02-27 14:19:58 +0200
  [1m[36mActiveRecord::SchemaMigration Pluck (0.2ms)[0m  [1m[34mSELECT "schema_migrations"."version" FROM "schema_migrations" ORDER BY "schema_migrations"."version" ASC[0m
Migrating to CreateUsers (20220227121540)
  [1m[36mTRANSACTION (0.1ms)[0m  [1m[36mbegin transaction[0m
  [1m[35m (1.4ms)[0m  [1m[35mCREATE TABLE "users" ("id" integer PRIMARY KEY AUTOINCREMENT NOT NULL, "name" varchar, "email" varchar, "age" varchar, "gender" varchar, "created_at" datetime(6) NOT NULL, "updated_at" datetime(6) NOT NULL)[0m
  [1m[36mActiveRecord::SchemaMigration Create (0.3ms)[0m  [1m[32mINSERT INTO "schema_migrations" ("version") VALUES (?)[0m  [["version", "20220227121540"]]
  [1m[36mTRANSACTION (5.6ms)[0m  [1m[36mcommit transaction[0m
Migrating to CreatePosts (20220227121649)
  [1m[36mTRANSACTION (0.1ms)[0m  [1m[36mbegin transaction[0m
  [1m[35m (1.4ms)[0m  [1m[35mCREATE TABLE "posts" ("id" integer PRIMARY KEY AUTOINCREMENT NOT NULL, "title" varchar, "content" varchar, "User_id" integer, "created_at" datetime(6) NOT NULL, "updated_at" datetime(6) NOT NULL)[0m
  [1m[36mActiveRecord::SchemaMigration Create (0.3ms)[0m  [1m[32mINSERT INTO "schema_migrations" ("version") VALUES (?)[0m  [["version", "20220227121649"]]
  [1m[36mTRANSACTION (5.5ms)[0m  [1m[36mcommit transaction[0m
  [1m[36mActiveRecord::InternalMetadata Load (0.4ms)[0m  [1m[34mSELECT "ar_internal_metadata".* FROM "ar_internal_metadata" WHERE "ar_internal_metadata"."key" = ? LIMIT ?[0m  [["key", "environment"], ["LIMIT", 1]]
  [1m[36mTRANSACTION (0.1ms)[0m  [1m[36mbegin transaction[0m
  [1m[36mActiveRecord::InternalMetadata Create (1.1ms)[0m  [1m[32mINSERT INTO "ar_internal_metadata" ("key", "value", "created_at", "updated_at") VALUES (?, ?, ?, ?)[0m  [["key", "environment"], ["value", "development"], ["created_at", "2022-02-27 12:19:58.735623"], ["updated_at", "2022-02-27 12:19:58.735623"]]
  [1m[36mTRANSACTION (5.0ms)[0m  [1m[36mcommit transaction[0m
  [1m[36mActiveRecord::SchemaMigration Pluck (0.5ms)[0m  [1m[34mSELECT "schema_migrations"."version" FROM "schema_migrations" ORDER BY "schema_migrations"."version" ASC[0m
Started GET "/" for 127.0.0.1 at 2022-02-27 14:19:58 +0200
  [1m[35m (0.1ms)[0m  [1m[34mSELECT sqlite_version(*)[0m
  [1m[36mActiveRecord::SchemaMigration Pluck (0.2ms)[0m  [1m[34mSELECT "schema_migrations"."version" FROM "schema_migrations" ORDER BY "schema_migrations"."version" ASC[0m
Processing by Rails::WelcomeController#index as HTML
  Rendering C:/Ruby30-x64/lib/ruby/gems/3.0.0/gems/railties-7.0.2.2/lib/rails/templates/rails/welcome/index.html.erb
  Rendered C:/Ruby30-x64/lib/ruby/gems/3.0.0/gems/railties-7.0.2.2/lib/rails/templates/rails/welcome/index.html.erb (Duration: 18.1ms | Allocations: 418)
Completed 200 OK in 63ms (Views: 20.5ms | ActiveRecord: 0.0ms | Allocations: 4584)


Started GET "/users" for 127.0.0.1 at 2022-02-27 14:20:05 +0200
Processing by UsersController#index as HTML
  Rendering layout layouts/application.html.erb
  Rendering users/index.html.erb within layouts/application
  [1m[36mUser Load (0.3ms)[0m  [1m[34mSELECT "users".* FROM "users"[0m
  ↳ app/views/users/index.html.erb:6
  Rendered users/index.html.erb within layouts/application (Duration: 7.6ms | Allocations: 1430)
  Rendered layout layouts/application.html.erb (Duration: 1166.8ms | Allocations: 102976)
Completed 200 OK in 1192ms (Views: 1175.8ms | ActiveRecord: 0.3ms | Allocations: 105154)


Started GET "/users/new" for 127.0.0.1 at 2022-02-27 14:20:08 +0200
Processing by UsersController#new as HTML
  Rendering layout layouts/application.html.erb
  Rendering users/new.html.erb within layouts/application
  Rendered users/_form.html.erb (Duration: 101.5ms | Allocations: 5695)
  Rendered users/new.html.erb within layouts/application (Duration: 104.8ms | Allocations: 6037)
  Rendered layout layouts/application.html.erb (Duration: 113.6ms | Allocations: 8456)
Completed 200 OK in 125ms (Views: 115.2ms | ActiveRecord: 1.0ms | Allocations: 13035)


Started POST "/users" for 127.0.0.1 at 2022-02-27 14:20:25 +0200
Processing by UsersController#create as TURBO_STREAM
  Parameters: {"authenticity_token"=>"[FILTERED]", "user"=>{"name"=>"fa", "email"=>"fatma.s271@gmail.com", "age"=>"25", "gender"=>"jj"}, "commit"=>"Create User"}
  [1m[36mTRANSACTION (0.1ms)[0m  [1m[36mbegin transaction[0m
  ↳ app/controllers/users_controller.rb:27:in `block in create'
  [1m[36mUser Create (4.6ms)[0m  [1m[32mINSERT INTO "users" ("name", "email", "age", "gender", "created_at", "updated_at") VALUES (?, ?, ?, ?, ?, ?)[0m  [["name", "fa"], ["email", "fatma.s271@gmail.com"], ["age", "25"], ["gender", "jj"], ["created_at", "2022-02-27 12:20:25.957210"], ["updated_at", "2022-02-27 12:20:25.957210"]]
  ↳ app/controllers/users_controller.rb:27:in `block in create'
  [1m[36mTRANSACTION (5.1ms)[0m  [1m[36mcommit transaction[0m
  ↳ app/controllers/users_controller.rb:27:in `block in create'
Redirected to http://127.0.0.1:3000/users/1
Completed 302 Found in 21ms (ActiveRecord: 9.8ms | Allocations: 2929)


Started GET "/users/1" for 127.0.0.1 at 2022-02-27 14:20:26 +0200
Processing by UsersController#show as TURBO_STREAM
  Parameters: {"id"=>"1"}
  [1m[36mUser Load (0.3ms)[0m  [1m[34mSELECT "users".* FROM "users" WHERE "users"."id" = ? LIMIT ?[0m  [["id", 1], ["LIMIT", 1]]
  ↳ app/controllers/users_controller.rb:63:in `set_user'
  Rendering layout layouts/application.html.erb
  Rendering users/show.html.erb within layouts/application
  Rendered users/_user.html.erb (Duration: 1.3ms | Allocations: 313)
  Rendered users/show.html.erb within layouts/application (Duration: 73.6ms | Allocations: 6900)
  Rendered layout layouts/application.html.erb (Duration: 82.6ms | Allocations: 9302)
Completed 200 OK in 92ms (Views: 84.0ms | ActiveRecord: 0.3ms | Allocations: 11091)


Started GET "/users" for 127.0.0.1 at 2022-02-27 14:20:31 +0200
Processing by UsersController#index as HTML
  Rendering layout layouts/application.html.erb
  Rendering users/index.html.erb within layouts/application
  [1m[36mUser Load (0.2ms)[0m  [1m[34mSELECT "users".* FROM "users"[0m
  ↳ app/views/users/index.html.erb:6
  Rendered users/_user.html.erb (Duration: 0.1ms | Allocations: 29)
  Rendered users/index.html.erb within layouts/application (Duration: 4.4ms | Allocations: 1127)
  Rendered layout layouts/application.html.erb (Duration: 22.7ms | Allocations: 3447)
Completed 200 OK in 28ms (Views: 24.0ms | ActiveRecord: 0.2ms | Allocations: 3842)


Started GET "/posts" for 127.0.0.1 at 2022-02-27 14:20:42 +0200
Processing by PostsController#index as HTML
  Rendering layout layouts/application.html.erb
  Rendering posts/index.html.erb within layouts/application
  [1m[36mPost Load (0.3ms)[0m  [1m[34mSELECT "posts".* FROM "posts"[0m
  ↳ app/views/posts/index.html.erb:6
  Rendered posts/index.html.erb within layouts/application (Duration: 4.8ms | Allocations: 1382)
  Rendered layout layouts/application.html.erb (Duration: 14.9ms | Allocations: 3901)
Completed 200 OK in 33ms (Views: 20.8ms | ActiveRecord: 0.3ms | Allocations: 5510)


Started GET "/posts" for 127.0.0.1 at 2022-02-27 14:33:41 +0200
  [1m[35m (1.1ms)[0m  [1m[34mSELECT sqlite_version(*)[0m
  [1m[36mActiveRecord::SchemaMigration Pluck (0.3ms)[0m  [1m[34mSELECT "schema_migrations"."version" FROM "schema_migrations" ORDER BY "schema_migrations"."version" ASC[0m
Processing by PostsController#index as HTML
  Rendering layout layouts/application.html.erb
  Rendering posts/index.html.erb within layouts/application
  [1m[36mPost Load (0.3ms)[0m  [1m[34mSELECT "posts".* FROM "posts"[0m
  ↳ app/views/posts/index.html.erb:6
  Rendered posts/index.html.erb within layouts/application (Duration: 8.6ms | Allocations: 1940)
  Rendered layout layouts/application.html.erb (Duration: 138.3ms | Allocations: 39877)
Completed 200 OK in 203ms (Views: 149.7ms | ActiveRecord: 0.3ms | Allocations: 48987)


Started GET "/posts/new" for 127.0.0.1 at 2022-02-27 14:33:44 +0200
Processing by PostsController#new as HTML
  Rendering layout layouts/application.html.erb
  Rendering posts/new.html.erb within layouts/application
  Rendered posts/_form.html.erb (Duration: 25.5ms | Allocations: 4076)
  Rendered posts/new.html.erb within layouts/application (Duration: 29.1ms | Allocations: 4459)
  Rendered layout layouts/application.html.erb (Duration: 38.9ms | Allocations: 6891)
Completed 200 OK in 52ms (Views: 40.3ms | ActiveRecord: 0.9ms | Allocations: 12100)


Started POST "/posts" for 127.0.0.1 at 2022-02-27 14:34:05 +0200
Processing by PostsController#create as TURBO_STREAM
  Parameters: {"authenticity_token"=>"[FILTERED]", "post"=>{"title"=>"post 1", "content"=>"helloo", "User_id"=>"22"}, "commit"=>"Create Post"}
  [1m[36mTRANSACTION (0.1ms)[0m  [1m[36mbegin transaction[0m
  ↳ app/controllers/posts_controller.rb:27:in `block in create'
  [1m[36mUser Load (0.2ms)[0m  [1m[34mSELECT "users".* FROM "users" WHERE "users"."id" = ? LIMIT ?[0m  [["id", 22], ["LIMIT", 1]]
  ↳ app/controllers/posts_controller.rb:27:in `block in create'
  [1m[36mTRANSACTION (0.1ms)[0m  [1m[31mrollback transaction[0m
  ↳ app/controllers/posts_controller.rb:27:in `block in create'
  Rendering layout layouts/application.html.erb
  Rendering posts/new.html.erb within layouts/application
  Rendered posts/_form.html.erb (Duration: 2.3ms | Allocations: 1514)
  Rendered posts/new.html.erb within layouts/application (Duration: 3.1ms | Allocations: 1621)
  Rendered layout layouts/application.html.erb (Duration: 11.7ms | Allocations: 4020)
Completed 422 Unprocessable Entity in 118ms (Views: 13.2ms | ActiveRecord: 1.5ms | Allocations: 17814)


Started POST "/posts" for 127.0.0.1 at 2022-02-27 14:34:09 +0200
Processing by PostsController#create as TURBO_STREAM
  Parameters: {"authenticity_token"=>"[FILTERED]", "post"=>{"title"=>"post 1", "content"=>"helloo", "User_id"=>"1"}, "commit"=>"Create Post"}
  [1m[36mTRANSACTION (0.1ms)[0m  [1m[36mbegin transaction[0m
  ↳ app/controllers/posts_controller.rb:27:in `block in create'
  [1m[36mUser Load (0.3ms)[0m  [1m[34mSELECT "users".* FROM "users" WHERE "users"."id" = ? LIMIT ?[0m  [["id", 1], ["LIMIT", 1]]
  ↳ app/controllers/posts_controller.rb:27:in `block in create'
  [1m[36mPost Create (3.9ms)[0m  [1m[32mINSERT INTO "posts" ("title", "content", "User_id", "created_at", "updated_at") VALUES (?, ?, ?, ?, ?)[0m  [["title", "post 1"], ["content", "helloo"], ["User_id", 1], ["created_at", "2022-02-27 12:34:09.931620"], ["updated_at", "2022-02-27 12:34:09.931620"]]
  ↳ app/controllers/posts_controller.rb:27:in `block in create'
  [1m[36mTRANSACTION (5.2ms)[0m  [1m[36mcommit transaction[0m
  ↳ app/controllers/posts_controller.rb:27:in `block in create'
Redirected to http://127.0.0.1:3000/posts/1
Completed 302 Found in 29ms (ActiveRecord: 9.5ms | Allocations: 7873)


Started GET "/posts/1" for 127.0.0.1 at 2022-02-27 14:34:09 +0200
Processing by PostsController#show as TURBO_STREAM
  Parameters: {"id"=>"1"}
  [1m[36mPost Load (0.3ms)[0m  [1m[34mSELECT "posts".* FROM "posts" WHERE "posts"."id" = ? LIMIT ?[0m  [["id", 1], ["LIMIT", 1]]
  ↳ app/controllers/posts_controller.rb:63:in `set_post'
  Rendering layout layouts/application.html.erb
  Rendering posts/show.html.erb within layouts/application
  Rendered posts/_post.html.erb (Duration: 1.1ms | Allocations: 284)
  Rendered posts/show.html.erb within layouts/application (Duration: 7.3ms | Allocations: 1601)
  Rendered layout layouts/application.html.erb (Duration: 15.7ms | Allocations: 4009)
Completed 200 OK in 25ms (Views: 17.6ms | ActiveRecord: 0.3ms | Allocations: 5627)


Started GET "/posts" for 127.0.0.1 at 2022-02-27 14:44:47 +0200
Processing by PostsController#index as HTML
  Rendering layout layouts/application.html.erb
  Rendering posts/index.html.erb within layouts/application
  [1m[35m (0.1ms)[0m  [1m[34mSELECT sqlite_version(*)[0m
  ↳ app/views/posts/index.html.erb:6
  [1m[36mPost Load (0.4ms)[0m  [1m[34mSELECT "posts".* FROM "posts"[0m
  ↳ app/views/posts/index.html.erb:6
  Rendered posts/_post.html.erb (Duration: 0.2ms | Allocations: 27)
  Rendered posts/index.html.erb within layouts/application (Duration: 7.6ms | Allocations: 1785)
  Rendered layout layouts/application.html.erb (Duration: 16.5ms | Allocations: 4109)
Completed 200 OK in 22ms (Views: 18.1ms | ActiveRecord: 0.8ms | Allocations: 4511)


Started GET "/users" for 127.0.0.1 at 2022-02-27 14:44:51 +0200
Processing by UsersController#index as HTML
  Rendering layout layouts/application.html.erb
  Rendering users/index.html.erb within layouts/application
  [1m[36mUser Load (0.3ms)[0m  [1m[34mSELECT "users".* FROM "users"[0m
  ↳ app/views/users/index.html.erb:6
  Rendered users/_user.html.erb (Duration: 1.0ms | Allocations: 276)
  Rendered users/index.html.erb within layouts/application (Duration: 7.7ms | Allocations: 1958)
  Rendered layout layouts/application.html.erb (Duration: 17.9ms | Allocations: 4470)
Completed 200 OK in 28ms (Views: 23.3ms | ActiveRecord: 0.3ms | Allocations: 5609)


  [1m[35m (1.0ms)[0m  [1m[34mSELECT sqlite_version(*)[0m
  [1m[36mTRANSACTION (0.2ms)[0m  [1m[36mbegin transaction[0m
  [1m[36mUser Create (4.6ms)[0m  [1m[32mINSERT INTO "users" ("name", "email", "age", "gender", "created_at", "updated_at") VALUES (?, ?, ?, ?, ?, ?)[0m  [["name", "fatmaa"], ["email", "fa.s@gmail.com"], ["age", "25"], ["gender", "female"], ["created_at", "2022-02-27 12:46:30.237035"], ["updated_at", "2022-02-27 12:46:30.237035"]]
  [1m[36mTRANSACTION (5.4ms)[0m  [1m[36mcommit transaction[0m
  [1m[36mUser Load (0.3ms)[0m  [1m[34mSELECT "users".* FROM "users" WHERE "users"."id" = ? LIMIT ?[0m  [["id", 2], ["LIMIT", 1]]
  [1m[36mUser Load (0.3ms)[0m  [1m[34mSELECT "users".* FROM "users"[0m
  [1m[36mTRANSACTION (0.0ms)[0m  [1m[36mbegin transaction[0m
  [1m[36mUser Update (8.9ms)[0m  [1m[33mUPDATE "users" SET "name" = ?, "updated_at" = ? WHERE "users"."id" = ?[0m  [["name", "fatma"], ["updated_at", "2022-02-27 12:49:03.300923"], ["id", 1]]
  [1m[36mTRANSACTION (4.6ms)[0m  [1m[36mcommit transaction[0m
  [1m[36mTRANSACTION (0.1ms)[0m  [1m[36mbegin transaction[0m
  [1m[36mUser Update (0.9ms)[0m  [1m[33mUPDATE "users" SET "name" = ?, "updated_at" = ? WHERE "users"."id" = ?[0m  [["name", "fatma"], ["updated_at", "2022-02-27 12:49:03.317134"], ["id", 2]]
  [1m[36mTRANSACTION (4.5ms)[0m  [1m[36mcommit transaction[0m
  [1m[36mUser Load (0.2ms)[0m  [1m[34mSELECT "users".* FROM "users" WHERE "users"."id" = ? LIMIT ?[0m  [["id", 2], ["LIMIT", 1]]
  [1m[36mUser Load (0.5ms)[0m  [1m[34mSELECT "users".* FROM "users" WHERE "users"."id" = ? LIMIT ?[0m  [["id", 2], ["LIMIT", 1]]
  [1m[36mUser Load (0.4ms)[0m  [1m[34mSELECT "users".* FROM "users"[0m
  [1m[36mUser Load (0.2ms)[0m  [1m[34mSELECT "users".* FROM "users" WHERE "users"."id" = ? LIMIT ?[0m  [["id", 2], ["LIMIT", 1]]
  [1m[36mUser Load (0.7ms)[0m  [1m[34mSELECT "users".* FROM "users" WHERE "users"."id" = ? LIMIT ?[0m  [["id", 2], ["LIMIT", 1]]
  [1m[36mUser Load (0.3ms)[0m  [1m[34mSELECT "users".* FROM "users" WHERE "users"."id" = ?[0m  [["id", 1]]
  [1m[36mTRANSACTION (0.0ms)[0m  [1m[36mbegin transaction[0m
  [1m[36mUser Destroy (8.9ms)[0m  [1m[31mDELETE FROM "users" WHERE "users"."id" = ?[0m  [["id", 1]]
  [1m[36mTRANSACTION (5.9ms)[0m  [1m[36mcommit transaction[0m
  [1m[36mTRANSACTION (0.1ms)[0m  [1m[36mbegin transaction[0m
  [1m[36mUser Load (0.3ms)[0m  [1m[34mSELECT "users".* FROM "users" WHERE "users"."id" = ? LIMIT ?[0m  [["id", 2], ["LIMIT", 1]]
  [1m[36mPost Create (8.8ms)[0m  [1m[32mINSERT INTO "posts" ("title", "content", "User_id", "created_at", "updated_at") VALUES (?, ?, ?, ?, ?)[0m  [["title", "fatma post"], ["content", "Hello world"], ["User_id", 2], ["created_at", "2022-02-27 12:55:52.052983"], ["updated_at", "2022-02-27 12:55:52.052983"]]
  [1m[36mTRANSACTION (5.0ms)[0m  [1m[36mcommit transaction[0m
  [1m[36mPost Load (0.2ms)[0m  [1m[34mSELECT "posts".* FROM "posts" WHERE "posts"."id" = ? LIMIT ?[0m  [["id", 2], ["LIMIT", 1]]
  [1m[36mTRANSACTION (0.1ms)[0m  [1m[36mbegin transaction[0m
  [1m[36mUser Load (0.3ms)[0m  [1m[34mSELECT "users".* FROM "users" WHERE "users"."id" = ? LIMIT ?[0m  [["id", 2], ["LIMIT", 1]]
  [1m[36mPost Update (2.6ms)[0m  [1m[33mUPDATE "posts" SET "content" = ?, "updated_at" = ? WHERE "posts"."id" = ?[0m  [["content", "fatma post content"], ["updated_at", "2022-02-27 12:58:21.881140"], ["id", 2]]
  [1m[36mTRANSACTION (4.9ms)[0m  [1m[36mcommit transaction[0m
  [1m[36mPost Load (0.2ms)[0m  [1m[34mSELECT "posts".* FROM "posts" WHERE "posts"."id" = ? LIMIT ?[0m  [["id", 2], ["LIMIT", 1]]
  [1m[36mPost Load (0.2ms)[0m  [1m[34mSELECT "posts".* FROM "posts" WHERE "posts"."id" = ?[0m  [["id", 2]]
  [1m[36mTRANSACTION (0.0ms)[0m  [1m[36mbegin transaction[0m
  [1m[36mPost Destroy (8.9ms)[0m  [1m[31mDELETE FROM "posts" WHERE "posts"."id" = ?[0m  [["id", 2]]
  [1m[36mTRANSACTION (4.9ms)[0m  [1m[36mcommit transaction[0m
  [1m[36mPost Load (0.3ms)[0m  [1m[34mSELECT "posts".* FROM "posts" WHERE "posts"."id" = ? LIMIT ?[0m  [["id", 2], ["LIMIT", 1]]
  [1m[36mPost Load (0.5ms)[0m  [1m[34mSELECT "posts".* FROM "posts" WHERE "posts"."id" = ? LIMIT ?[0m  [["id", 1], ["LIMIT", 1]]
  [1m[36mPost Load (0.2ms)[0m  [1m[34mSELECT "posts".* FROM "posts" WHERE "posts"."id" = ? LIMIT ?[0m  [["id", 1], ["LIMIT", 1]]
